nohup: ignoring input
Database initialized at /root/arxive/data/manuscript_db.db

Fetching astro-ph results 0–999 ...
Batch covers: 2023-04-18 → 2008-11-25
Fetched 1000 → Keeping 0
All entries in this batch are older than cutoff — stopping.
No new papers to insert.

Fetching cond-mat.dis-nn results 0–999 ...
Batch covers: 2025-07-31 → 2025-05-11
Fetched 400 → Keeping 400

Fetching cond-mat.dis-nn results 1000–1999 ...
Batch covers: 2024-11-29 → 2024-03-10
Fetched 1000 → Keeping 494

Fetching cond-mat.dis-nn results 2000–2999 ...
No more entries returned from arXiv.
Inserted 0 new manuscript(s).

Fetching cond-mat.mes-hall results 0–999 ...
Batch covers: 2025-07-31 → 2025-06-01
Fetched 1000 → Keeping 1000

Fetching cond-mat.mes-hall results 1000–1999 ...
Batch covers: 2025-06-01 → 2025-03-27
Fetched 1000 → Keeping 1000

Fetching cond-mat.mes-hall results 2000–2999 ...
Batch covers: 2025-03-27 → 2025-01-28
Fetched 1000 → Keeping 1000

Fetching cond-mat.mes-hall results 3000–3999 ...
No more entries returned from arXiv.
Inserted 0 new manuscript(s).

Fetching cond-mat.mtrl-sci results 0–999 ...
Batch covers: 2025-07-31 → 2025-06-19
Fetched 1000 → Keeping 1000

Fetching cond-mat.mtrl-sci results 1000–1999 ...
No more entries returned from arXiv.
Inserted 0 new manuscript(s).

Fetching cond-mat.other results 0–999 ...
Batch covers: 2025-07-31 → 2024-01-25
Fetched 1000 → Keeping 691

Fetching cond-mat.other results 1000–1999 ...
Batch covers: 2024-01-25 → 2022-05-01
Fetched 1000 → Keeping 0
All entries in this batch are older than cutoff — stopping.
Inserted 0 new manuscript(s).

Fetching cond-mat.quant-gas results 0–999 ...
Batch covers: 2025-07-31 → 2024-12-02
Fetched 1000 → Keeping 1000

Fetching cond-mat.quant-gas results 1000–1999 ...
Batch covers: 2024-12-02 → 2024-04-15
Fetched 1000 → Keeping 511

Fetching cond-mat.quant-gas results 2000–2999 ...
Batch covers: 2024-04-14 → 2023-08-09
Fetched 1000 → Keeping 0
All entries in this batch are older than cutoff — stopping.
Inserted 0 new manuscript(s).

Fetching cond-mat.soft results 0–999 ...
Batch covers: 2025-07-31 → 2025-03-23
Fetched 1000 → Keeping 1000

Fetching cond-mat.soft results 1000–1999 ...
Batch covers: 2025-03-22 → 2024-11-04
Fetched 1000 → Keeping 1000

Fetching cond-mat.soft results 2000–2999 ...
Batch covers: 2024-11-04 → 2024-06-24
Fetched 1000 → Keeping 708

Fetching cond-mat.soft results 3000–3999 ...
Batch covers: 2024-06-23 → 2024-01-30
Fetched 1000 → Keeping 0
All entries in this batch are older than cutoff — stopping.
Inserted 0 new manuscript(s).

Fetching cond-mat.stat-mech results 0–999 ...
Batch covers: 2025-07-31 → 2025-05-07
Fetched 1000 → Keeping 1000

Fetching cond-mat.stat-mech results 1000–1999 ...
Batch covers: 2025-05-07 → 2025-01-30
Fetched 1000 → Keeping 1000

Fetching cond-mat.stat-mech results 2000–2999 ...
Batch covers: 2025-01-30 → 2024-10-31
Fetched 1000 → Keeping 1000

Fetching cond-mat.stat-mech results 3000–3999 ...
Batch covers: 2024-10-31 → 2024-07-26
Fetched 1000 → Keeping 916

Fetching cond-mat.stat-mech results 4000–4999 ...
Batch covers: 2024-07-26 → 2024-04-28
Fetched 1000 → Keeping 0
All entries in this batch are older than cutoff — stopping.
Inserted 2753 new manuscript(s).

Fetching cond-mat.str-el results 0–999 ...
Batch covers: 2025-07-31 → 2025-05-16
Fetched 1000 → Keeping 1000

Fetching cond-mat.str-el results 1000–1999 ...
Batch covers: 2025-05-16 → 2025-03-03
Fetched 1000 → Keeping 1000

Fetching cond-mat.str-el results 2000–2999 ...
Batch covers: 2025-03-03 → 2024-12-06
Fetched 1000 → Keeping 1000

Fetching cond-mat.str-el results 3000–3999 ...
No more entries returned from arXiv.
Inserted 2063 new manuscript(s).

Fetching cond-mat.supr-con results 0–999 ...
Batch covers: 2025-07-31 → 2025-02-18
Fetched 1000 → Keeping 1000

Fetching cond-mat.supr-con results 1000–1999 ...
Batch covers: 2025-02-18 → 2024-08-20
Fetched 1000 → Keeping 1000

Fetching cond-mat.supr-con results 2000–2999 ...
Batch covers: 2024-08-20 → 2024-02-16
Fetched 1000 → Keeping 94

Fetching cond-mat.supr-con results 3000–3999 ...
Batch covers: 2024-02-16 → 2023-08-24
Fetched 1000 → Keeping 0
All entries in this batch are older than cutoff — stopping.
Inserted 1345 new manuscript(s).

Fetching gr-qc results 0–999 ...
Batch covers: 2025-07-31 → 2025-06-12
Fetched 1000 → Keeping 1000

Fetching gr-qc results 1000–1999 ...
Batch covers: 2025-06-12 → 2025-04-24
Fetched 1000 → Keeping 1000

Fetching gr-qc results 2000–2999 ...
No more entries returned from arXiv.
Inserted 1930 new manuscript(s).

Fetching hep-ex results 0–999 ...
Batch covers: 2025-07-31 → 2025-05-06
Fetched 800 → Keeping 800

Fetching hep-ex results 1000–1999 ...
Batch covers: 2025-04-11 → 2024-12-26
Fetched 1000 → Keeping 1000

Fetching hep-ex results 2000–2999 ...
Batch covers: 2024-12-26 → 2024-09-10
Fetched 1000 → Keeping 1000

Fetching hep-ex results 3000–3999 ...
Batch covers: 2024-09-10 → 2024-05-08
Fetched 1000 → Keeping 266

Fetching hep-ex results 4000–4999 ...
Batch covers: 2024-05-08 → 2024-01-02
Fetched 1000 → Keeping 0
All entries in this batch are older than cutoff — stopping.
Inserted 3018 new manuscript(s).

Fetching hep-lat results 0–999 ...
Batch covers: 2025-07-31 → 2024-11-07
Fetched 1000 → Keeping 1000

Fetching hep-lat results 1000–1999 ...
No more entries returned from arXiv.
Inserted 726 new manuscript(s).

Fetching hep-ph results 0–999 ...
Batch covers: 2025-07-31 → 2025-06-21
Fetched 1000 → Keeping 1000

Fetching hep-ph results 1000–1999 ...
No more entries returned from arXiv.
Inserted 582 new manuscript(s).

Fetching hep-th results 0–999 ...
Batch covers: 2025-07-31 → 2025-06-16
Fetched 1000 → Keeping 1000

Fetching hep-th results 1000–1999 ...
Batch covers: 2025-06-16 → 2025-05-20
Fetched 600 → Keeping 600

Fetching hep-th results 2000–2999 ...
Batch covers: 2025-05-01 → 2025-03-17
Fetched 1000 → Keeping 1000

Fetching hep-th results 3000–3999 ...
No more entries returned from arXiv.
Inserted 1447 new manuscript(s).

Fetching math-ph results 0–999 ...
Batch covers: 2025-07-31 → 2025-05-22
Fetched 1000 → Keeping 1000

Fetching math-ph results 1000–1999 ...
Batch covers: 2025-05-22 → 2025-03-10
Fetched 1000 → Keeping 1000

Fetching math-ph results 2000–2999 ...
Batch covers: 2025-03-10 → 2024-12-22
Fetched 1000 → Keeping 1000

Fetching math-ph results 3000–3999 ...
No more entries returned from arXiv.
Inserted 2237 new manuscript(s).

Fetching nlin.AO results 0–999 ...
Batch covers: 2025-07-31 → 2023-05-26
Fetched 1000 → Keeping 448

Fetching nlin.AO results 1000–1999 ...
Batch covers: 2023-05-26 → 2021-01-06
Fetched 1000 → Keeping 0
All entries in this batch are older than cutoff — stopping.
Inserted 326 new manuscript(s).

Fetching nlin.CD results 0–999 ...
Batch covers: 2025-07-31 → 2024-04-08
Fetched 1000 → Keeping 776

Fetching nlin.CD results 1000–1999 ...
Batch covers: 2024-04-08 → 2022-08-27
Fetched 1000 → Keeping 0
All entries in this batch are older than cutoff — stopping.
Inserted 561 new manuscript(s).

Fetching nlin.CG results 0–999 ...
Batch covers: 2025-07-31 → 2010-09-23
Fetched 1000 → Keeping 68

Fetching nlin.CG results 1000–1999 ...
Batch covers: 2010-09-23 → 1993-02-10
Fetched 595 → Keeping 0
All entries in this batch are older than cutoff — stopping.
Inserted 37 new manuscript(s).

Fetching nlin.PS results 0–999 ...
Batch covers: 2025-07-31 → 2023-09-14
Fetched 1000 → Keeping 522

Fetching nlin.PS results 1000–1999 ...
Batch covers: 2023-09-13 → 2021-10-27
Fetched 1000 → Keeping 0
All entries in this batch are older than cutoff — stopping.
Inserted 313 new manuscript(s).

Fetching nlin.SI results 0–999 ...
Batch covers: 2025-07-31 → 2023-08-13
Fetched 1000 → Keeping 524

Fetching nlin.SI results 1000–1999 ...
Batch covers: 2023-08-13 → 2021-06-12
Fetched 1000 → Keeping 0
All entries in this batch are older than cutoff — stopping.
Inserted 241 new manuscript(s).

Fetching nucl-ex results 0–999 ...
Batch covers: 2025-07-31 → 2025-01-06
Fetched 800 → Keeping 800

Fetching nucl-ex results 1000–1999 ...
Batch covers: 2024-11-12 → 2024-01-19
Fetched 1000 → Keeping 355

Fetching nucl-ex results 2000–2999 ...
Batch covers: 2024-01-19 → 2023-04-21
Fetched 1000 → Keeping 0
All entries in this batch are older than cutoff — stopping.
Inserted 668 new manuscript(s).

Fetching nucl-th results 0–999 ...
Batch covers: 2025-07-31 → 2025-07-08
Fetched 200 → Keeping 200

Fetching nucl-th results 1000–1999 ...
Batch covers: 2025-03-25 → 2024-11-12
Fetched 1000 → Keeping 1000

Fetching nucl-th results 2000–2999 ...
No more entries returned from arXiv.
Inserted 673 new manuscript(s).

Fetching physics.acc-ph results 0–999 ...
Batch covers: 2025-07-30 → 2023-07-25
Fetched 1000 → Keeping 510

Fetching physics.acc-ph results 1000–1999 ...
Batch covers: 2023-07-24 → 2021-08-24
Fetched 1000 → Keeping 0
All entries in this batch are older than cutoff — stopping.
Inserted 415 new manuscript(s).

Fetching physics.ao-ph results 0–999 ...
Batch covers: 2025-07-31 → 2024-06-11
Fetched 1000 → Keeping 855

Fetching physics.ao-ph results 1000–1999 ...
Batch covers: 2024-06-10 → 2023-02-03
Fetched 1000 → Keeping 0
All entries in this batch are older than cutoff — stopping.
Inserted 818 new manuscript(s).

Fetching physics.app-ph results 0–999 ...
Batch covers: 2025-07-31 → 2025-03-21
Fetched 1000 → Keeping 1000

Fetching physics.app-ph results 1000–1999 ...
Batch covers: 2025-03-21 → 2024-11-13
Fetched 1000 → Keeping 1000

Fetching physics.app-ph results 2000–2999 ...
Batch covers: 2024-11-13 → 2024-07-14
Fetched 1000 → Keeping 850

Fetching physics.app-ph results 3000–3999 ...
Batch covers: 2024-07-14 → 2024-02-29
Fetched 1000 → Keeping 0
All entries in this batch are older than cutoff — stopping.
Inserted 2317 new manuscript(s).

Fetching physics.atm-clus results 0–999 ...
Batch covers: 2025-07-30 → 2018-07-28
Fetched 1000 → Keeping 144

Fetching physics.atm-clus results 1000–1999 ...
Batch covers: 2018-07-26 → 2010-07-21
Fetched 1000 → Keeping 0
All entries in this batch are older than cutoff — stopping.
Inserted 100 new manuscript(s).

Fetching physics.atom-ph results 0–999 ...
Batch covers: 2025-07-31 → 2024-12-05
Fetched 1000 → Keeping 1000

Fetching physics.atom-ph results 1000–1999 ...
No more entries returned from arXiv.
Inserted 684 new manuscript(s).

Fetching physics.bio-ph results 0–999 ...
Batch covers: 2025-07-31 → 2024-10-04
Fetched 1000 → Keeping 1000

Fetching physics.bio-ph results 1000–1999 ...
Batch covers: 2024-10-04 → 2023-12-06
Fetched 1000 → Keeping 215

Fetching physics.bio-ph results 2000–2999 ...
Batch covers: 2023-12-06 → 2023-01-05
Fetched 1000 → Keeping 0
All entries in this batch are older than cutoff — stopping.
Inserted 622 new manuscript(s).

Fetching physics.chem-ph results 0–999 ...
Batch covers: 2025-07-31 → 2025-03-15
Fetched 1000 → Keeping 1000

Fetching physics.chem-ph results 1000–1999 ...
Batch covers: 2025-03-15 → 2024-10-07
Fetched 1000 → Keeping 1000

Fetching physics.chem-ph results 2000–2999 ...
Batch covers: 2024-10-06 → 2024-05-14
Fetched 1000 → Keeping 473

Fetching physics.chem-ph results 3000–3999 ...
Batch covers: 2024-05-14 → 2023-12-12
Fetched 1000 → Keeping 0
All entries in this batch are older than cutoff — stopping.
Inserted 1765 new manuscript(s).

Fetching physics.class-ph results 0–999 ...
Batch covers: 2025-07-30 → 2023-05-15
Fetched 1000 → Keeping 471

Fetching physics.class-ph results 1000–1999 ...
Batch covers: 2023-05-14 → 2021-04-27
Fetched 1000 → Keeping 0
All entries in this batch are older than cutoff — stopping.
Inserted 285 new manuscript(s).

Fetching physics.comp-ph results 0–999 ...
Batch covers: 2025-07-31 → 2025-04-02
Fetched 1000 → Keeping 1000

Fetching physics.comp-ph results 1000–1999 ...
Batch covers: 2025-04-01 → 2024-11-28
Fetched 1000 → Keeping 1000

Fetching physics.comp-ph results 2000–2999 ...
Batch covers: 2024-11-28 → 2024-07-12
Fetched 1000 → Keeping 854

Fetching physics.comp-ph results 3000–3999 ...
Batch covers: 2024-07-12 → 2024-01-25
Fetched 1000 → Keeping 0
All entries in this batch are older than cutoff — stopping.
Inserted 1747 new manuscript(s).

Fetching physics.data-an results 0–999 ...
Batch covers: 2025-07-31 → 2024-04-04
Fetched 1000 → Keeping 742

Fetching physics.data-an results 1000–1999 ...
Batch covers: 2024-04-03 → 2022-10-28
Fetched 1000 → Keeping 0
All entries in this batch are older than cutoff — stopping.
Inserted 363 new manuscript(s).

Fetching physics.ed-ph results 0–999 ...
Batch covers: 2025-07-29 → 2022-04-05
Fetched 1000 → Keeping 340

Fetching physics.ed-ph results 1000–1999 ...
Batch covers: 2022-04-01 → 2018-07-10
Fetched 1000 → Keeping 0
All entries in this batch are older than cutoff — stopping.
Inserted 292 new manuscript(s).

Fetching physics.flu-dyn results 0–999 ...
Batch covers: 2025-07-31 → 2025-03-26
Fetched 1000 → Keeping 1000

Fetching physics.flu-dyn results 1000–1999 ...
Batch covers: 2025-03-25 → 2024-11-20
Fetched 1000 → Keeping 1000

Fetching physics.flu-dyn results 2000–2999 ...
Batch covers: 2024-11-20 → 2024-07-16
Fetched 1000 → Keeping 850

Fetching physics.flu-dyn results 3000–3999 ...
Batch covers: 2024-07-16 → 2024-03-01
Fetched 1000 → Keeping 0
All entries in this batch are older than cutoff — stopping.
Inserted 1904 new manuscript(s).

Fetching physics.gen-ph results 0–999 ...
Batch covers: 2025-07-27 → 2021-09-01
Fetched 1000 → Keeping 252

Fetching physics.gen-ph results 1000–1999 ...
Batch covers: 2021-08-29 → 2018-10-05
Fetched 1000 → Keeping 0
All entries in this batch are older than cutoff — stopping.
Inserted 243 new manuscript(s).

Fetching physics.geo-ph results 0–999 ...
Batch covers: 2025-07-31 → 2024-04-26
Fetched 1000 → Keeping 805

Fetching physics.geo-ph results 1000–1999 ...
Batch covers: 2024-04-26 → 2022-11-30
Fetched 1000 → Keeping 0
All entries in this batch are older than cutoff — stopping.
Inserted 557 new manuscript(s).

Fetching physics.hist-ph results 0–999 ...
Batch covers: 2025-07-31 → 2022-06-21
Fetched 1000 → Keeping 342

Fetching physics.hist-ph results 1000–1999 ...
Batch covers: 2022-06-20 → 2019-09-18
Fetched 1000 → Keeping 0
All entries in this batch are older than cutoff — stopping.
Inserted 261 new manuscript(s).

Fetching physics.ins-det results 0–999 ...
Batch covers: 2025-07-31 → 2025-01-09
Fetched 1000 → Keeping 1000

Fetching physics.ins-det results 1000–1999 ...
Batch covers: 2025-01-09 → 2024-05-20
Fetched 1000 → Keeping 677

Fetching physics.ins-det results 2000–2999 ...
Batch covers: 2024-05-20 → 2023-10-10
Fetched 1000 → Keeping 0
All entries in this batch are older than cutoff — stopping.
Inserted 700 new manuscript(s).

Fetching physics.med-ph results 0–999 ...
Batch covers: 2025-07-31 → 2024-08-15
Fetched 1000 → Keeping 1000

Fetching physics.med-ph results 1000–1999 ...
Batch covers: 2024-08-15 → 2023-06-27
Fetched 1000 → Keeping 26

Fetching physics.med-ph results 2000–2999 ...
Batch covers: 2023-06-26 → 2022-02-15
Fetched 1000 → Keeping 0
All entries in this batch are older than cutoff — stopping.
Inserted 785 new manuscript(s).

Fetching physics.optics results 0–999 ...
Batch covers: 2025-07-31 → 2025-05-21
Fetched 1000 → Keeping 1000

Fetching physics.optics results 1000–1999 ...
Batch covers: 2025-05-21 → 2025-03-12
Fetched 1000 → Keeping 1000

Fetching physics.optics results 2000–2999 ...
Batch covers: 2025-03-12 → 2024-12-20
Fetched 1000 → Keeping 1000

Fetching physics.optics results 3000–3999 ...
Batch covers: 2024-12-20 → 2024-10-16
Fetched 1000 → Keeping 1000

Fetching physics.optics results 4000–4999 ...
Batch covers: 2024-10-16 → 2024-07-26
Fetched 1000 → Keeping 895

Fetching physics.optics results 5000–5999 ...
Batch covers: 2024-07-26 → 2024-05-04
Fetched 1000 → Keeping 0
All entries in this batch are older than cutoff — stopping.
Inserted 2881 new manuscript(s).

Fetching physics.plasm-ph results 0–999 ...
Batch covers: 2025-07-30 → 2024-12-18
Fetched 1000 → Keeping 1000

Fetching physics.plasm-ph results 1000–1999 ...
Batch covers: 2024-12-18 → 2024-05-11
Fetched 1000 → Keeping 635

Fetching physics.plasm-ph results 2000–2999 ...
Batch covers: 2024-05-10 → 2023-08-29
Fetched 1000 → Keeping 0
All entries in this batch are older than cutoff — stopping.
Inserted 1146 new manuscript(s).

Fetching physics.pop-ph results 0–999 ...
Batch covers: 2025-07-31 → 2018-06-13
Fetched 1000 → Keeping 117

Fetching physics.pop-ph results 1000–1999 ...
Batch covers: 2018-06-11 → 2010-05-20
Fetched 1000 → Keeping 0
All entries in this batch are older than cutoff — stopping.
Inserted 60 new manuscript(s).

Fetching physics.soc-ph results 0–999 ...
Batch covers: 2025-07-31 → 2024-12-11
Fetched 1000 → Keeping 1000

Fetching physics.soc-ph results 1000–1999 ...
Batch covers: 2024-12-10 → 2024-04-01
Fetched 1000 → Keeping 512

Fetching physics.soc-ph results 2000–2999 ...
Batch covers: 2024-04-01 → 2023-08-17
Fetched 1000 → Keeping 0
All entries in this batch are older than cutoff — stopping.
Inserted 1127 new manuscript(s).

Fetching physics.space-ph results 0–999 ...
Batch covers: 2025-07-30 → 2023-12-22
Fetched 1000 → Keeping 625

Fetching physics.space-ph results 1000–1999 ...
Batch covers: 2023-12-21 → 2022-06-01
Fetched 1000 → Keeping 0
All entries in this batch are older than cutoff — stopping.
Inserted 320 new manuscript(s).

Fetching quant-ph results 0–999 ...
Batch covers: 2025-07-31 → 2025-07-10
Fetched 1000 → Keeping 1000

Fetching quant-ph results 1000–1999 ...
Batch covers: 2025-07-10 → 2025-06-17
Fetched 1000 → Keeping 1000

Fetching quant-ph results 2000–2999 ...
Batch covers: 2025-06-17 → 2025-05-26
Fetched 1000 → Keeping 1000

Fetching quant-ph results 3000–3999 ...
No more entries returned from arXiv.
Inserted 1516 new manuscript(s).

Fetching math.AC results 0–999 ...
Batch covers: 2025-07-31 → 2024-06-21
Fetched 1000 → Keeping 901

Fetching math.AC results 1000–1999 ...
Batch covers: 2024-06-21 → 2023-05-23
Fetched 1000 → Keeping 0
All entries in this batch are older than cutoff — stopping.
Inserted 893 new manuscript(s).

Fetching math.AG results 0–999 ...
Batch covers: 2025-07-31 → 2025-04-17
Fetched 1000 → Keeping 1000

Fetching math.AG results 1000–1999 ...
Batch covers: 2025-04-17 → 2024-12-29
Fetched 1000 → Keeping 1000

Fetching math.AG results 2000–2999 ...
Batch covers: 2024-12-29 → 2024-09-23
Fetched 1000 → Keeping 1000

Fetching math.AG results 3000–3999 ...
Batch covers: 2024-09-23 → 2024-05-28
Fetched 1000 → Keeping 422

Fetching math.AG results 4000–4999 ...
No more entries returned from arXiv.
Inserted 3043 new manuscript(s).

Fetching math.AP results 0–999 ...
Batch covers: 2025-07-31 → 2025-06-02
Fetched 1000 → Keeping 1000

Fetching math.AP results 1000–1999 ...
No more entries returned from arXiv.
Inserted 841 new manuscript(s).

Fetching math.AT results 0–999 ...
Batch covers: 2025-07-31 → 2024-09-04
Fetched 1000 → Keeping 1000

Fetching math.AT results 1000–1999 ...
Batch covers: 2024-09-04 → 2024-08-14
Fetched 66 → Keeping 66

Fetching math.AT results 2000–2999 ...
Batch covers: 2023-10-17 → 2022-11-11
Fetched 1000 → Keeping 0
All entries in this batch are older than cutoff — stopping.
Inserted 866 new manuscript(s).

Fetching math.CA results 0–999 ...
Batch covers: 2025-07-30 → 2024-11-26
Fetched 1000 → Keeping 1000

Fetching math.CA results 1000–1999 ...
Batch covers: 2024-11-25 → 2024-03-05
Fetched 1000 → Keeping 421

Fetching math.CA results 2000–2999 ...
Batch covers: 2024-03-05 → 2023-06-16
Fetched 1000 → Keeping 0
All entries in this batch are older than cutoff — stopping.
Inserted 1264 new manuscript(s).

Fetching math.CO results 0–999 ...
Batch covers: 2025-07-31 → 2025-06-03
Fetched 1000 → Keeping 1000

Fetching math.CO results 1000–1999 ...
Batch covers: 2025-06-03 → 2025-03-28
Fetched 1000 → Keeping 1000

Fetching math.CO results 2000–2999 ...
Batch covers: 2025-03-28 → 2025-01-26
Fetched 1000 → Keeping 1000

Fetching math.CO results 3000–3999 ...
Batch covers: 2025-01-26 → 2025-01-13
Fetched 200 → Keeping 200

Fetching math.CO results 4000–4999 ...
Batch covers: 2024-11-26 → 2024-09-26
Fetched 1000 → Keeping 1000

Fetching math.CO results 5000–5999 ...
No more entries returned from arXiv.
Inserted 3633 new manuscript(s).

Fetching math.CT results 0–999 ...
Batch covers: 2025-07-31 → 2024-05-01
Fetched 1000 → Keeping 790

Fetching math.CT results 1000–1999 ...
No more entries returned from arXiv.
Inserted 523 new manuscript(s).

Fetching math.CV results 0–999 ...
Batch covers: 2025-07-31 → 2024-09-18
Fetched 1000 → Keeping 1000

Fetching math.CV results 1000–1999 ...
Batch covers: 2024-09-18 → 2023-11-03
Fetched 1000 → Keeping 146

Fetching math.CV results 2000–2999 ...
Batch covers: 2023-11-03 → 2022-11-15
Fetched 1000 → Keeping 0
All entries in this batch are older than cutoff — stopping.
Inserted 839 new manuscript(s).

Fetching math.DG results 0–999 ...
Batch covers: 2025-07-31 → 2025-03-31
Fetched 1000 → Keeping 1000

Fetching math.DG results 1000–1999 ...
Batch covers: 2025-03-31 → 2024-11-19
Fetched 1000 → Keeping 1000

Fetching math.DG results 2000–2999 ...
Batch covers: 2024-11-19 → 2024-07-04
Fetched 1000 → Keeping 792

Fetching math.DG results 3000–3999 ...
No more entries returned from arXiv.
Inserted 2060 new manuscript(s).

Fetching math.DS results 0–999 ...
Batch covers: 2025-07-31 → 2025-04-01
Fetched 1000 → Keeping 1000

Fetching math.DS results 1000–1999 ...
Batch covers: 2025-04-01 → 2024-11-25
Fetched 1000 → Keeping 1000

Fetching math.DS results 2000–2999 ...
Batch covers: 2024-11-25 → 2024-08-06
Fetched 1000 → Keeping 1000

Fetching math.DS results 3000–3999 ...
Batch covers: 2024-08-05 → 2024-04-04
Fetched 1000 → Keeping 26

Fetching math.DS results 4000–4999 ...
Batch covers: 2024-04-04 → 2023-12-11
Fetched 1000 → Keeping 0
All entries in this batch are older than cutoff — stopping.
Inserted 2135 new manuscript(s).

Fetching math.FA results 0–999 ...
Batch covers: 2025-07-31 → 2025-03-11
Fetched 1000 → Keeping 1000

Fetching math.FA results 1000–1999 ...
Batch covers: 2025-03-11 → 2024-10-05
Fetched 1000 → Keeping 1000

Fetching math.FA results 2000–2999 ...
Batch covers: 2024-10-05 → 2024-05-08
Fetched 1000 → Keeping 408

Fetching math.FA results 3000–3999 ...
No more entries returned from arXiv.
Inserted 1699 new manuscript(s).

Fetching math.GM results 0–999 ...
Batch covers: 2025-07-30 → 2022-04-28
Fetched 1000 → Keeping 304

Fetching math.GM results 1000–1999 ...
Batch covers: 2022-04-25 → 2018-09-03
Fetched 1000 → Keeping 0
All entries in this batch are older than cutoff — stopping.
Inserted 302 new manuscript(s).

Fetching math.GN results 0–999 ...
Batch covers: 2025-07-30 → 2022-11-15
Fetched 1000 → Keeping 347

Fetching math.GN results 1000–1999 ...
Batch covers: 2022-11-14 → 2019-12-06
Fetched 1000 → Keeping 0
All entries in this batch are older than cutoff — stopping.
Inserted 234 new manuscript(s).

Fetching math.GR results 0–999 ...
Batch covers: 2025-07-31 → 2024-12-27
Fetched 1000 → Keeping 1000

Fetching math.GR results 1000–1999 ...
Batch covers: 2024-12-27 → 2024-05-26
Fetched 1000 → Keeping 691

Fetching math.GR results 2000–2999 ...
Batch covers: 2024-05-25 → 2023-10-09
Fetched 1000 → Keeping 0
All entries in this batch are older than cutoff — stopping.
Inserted 1172 new manuscript(s).

Fetching math.GT results 0–999 ...
Batch covers: 2025-07-31 → 2025-01-08
Fetched 800 → Keeping 800

Fetching math.GT results 1000–1999 ...
Batch covers: 2024-11-21 → 2024-02-29
Fetched 1000 → Keeping 448

Fetching math.GT results 2000–2999 ...
Batch covers: 2024-02-29 → 2023-07-04
Fetched 1000 → Keeping 0
All entries in this batch are older than cutoff — stopping.
Inserted 586 new manuscript(s).

Fetching math.HO results 0–999 ...
Batch covers: 2025-07-31 → 2021-11-22
Fetched 1000 → Keeping 261

Fetching math.HO results 1000–1999 ...
Batch covers: 2021-11-22 → 2017-12-01
Fetched 1000 → Keeping 0
All entries in this batch are older than cutoff — stopping.
Inserted 199 new manuscript(s).

Fetching math.IT results 0–999 ...
Batch covers: 2025-07-31 → 2025-04-28
Fetched 1000 → Keeping 1000

Fetching math.IT results 1000–1999 ...
Batch covers: 2025-04-28 → 2025-01-20
Fetched 1000 → Keeping 1000

Fetching math.IT results 2000–2999 ...
Batch covers: 2025-01-20 → 2024-10-07
Fetched 1000 → Keeping 1000

Fetching math.IT results 3000–3999 ...
Batch covers: 2024-10-07 → 2024-06-14
Fetched 1000 → Keeping 563

Fetching math.IT results 4000–4999 ...
Batch covers: 2024-06-14 → 2024-03-21
Fetched 1000 → Keeping 0
All entries in this batch are older than cutoff — stopping.
Inserted 3220 new manuscript(s).

Fetching math.KT results 0–999 ...
Batch covers: 2025-07-29 → 2022-09-18
Fetched 1000 → Keeping 372

Fetching math.KT results 1000–1999 ...
Batch covers: 2022-09-18 → 2019-07-08
Fetched 1000 → Keeping 0
All entries in this batch are older than cutoff — stopping.
Inserted 108 new manuscript(s).

Fetching math.LO results 0–999 ...
Batch covers: 2025-07-31 → 2024-09-01
Fetched 1000 → Keeping 1000

Fetching math.LO results 1000–1999 ...
Batch covers: 2024-08-31 → 2023-10-01
Fetched 1000 → Keeping 63

Fetching math.LO results 2000–2999 ...
Batch covers: 2023-09-30 → 2022-09-29
Fetched 1000 → Keeping 0
All entries in this batch are older than cutoff — stopping.
Inserted 740 new manuscript(s).

Fetching math.MG results 0–999 ...
Batch covers: 2025-07-31 → 2024-06-18
Fetched 1000 → Keeping 883

Fetching math.MG results 1000–1999 ...
Batch covers: 2024-06-17 → 2023-03-27
Fetched 1000 → Keeping 0
All entries in this batch are older than cutoff — stopping.
Inserted 328 new manuscript(s).

Fetching math.MP results 0–999 ...
Batch covers: 2025-07-31 → 2025-05-22
Fetched 1000 → Keeping 1000

Fetching math.MP results 1000–1999 ...
Batch covers: 2025-05-22 → 2025-03-11
Fetched 1000 → Keeping 1000

Fetching math.MP results 2000–2999 ...
Batch covers: 2025-03-10 → 2024-12-22
Fetched 1000 → Keeping 1000

Fetching math.MP results 3000–3999 ...
Batch covers: 2024-12-22 → 2024-10-19
Fetched 1000 → Keeping 1000

Fetching math.MP results 4000–4999 ...
Batch covers: 2024-10-19 → 2024-08-08
Fetched 1000 → Keeping 1000

Fetching math.MP results 5000–5999 ...
Batch covers: 2024-08-08 → 2024-05-25
Fetched 1000 → Keeping 75

Fetching math.MP results 6000–6999 ...
Batch covers: 2024-05-25 → 2024-03-10
Fetched 1000 → Keeping 0
All entries in this batch are older than cutoff — stopping.
Inserted 1153 new manuscript(s).

Fetching math.NA results 0–999 ...
Batch covers: 2025-07-31 → 2025-05-20
Fetched 1000 → Keeping 1000

Fetching math.NA results 1000–1999 ...
Batch covers: 2025-05-20 → 2025-03-05
Fetched 1000 → Keeping 1000

Fetching math.NA results 2000–2999 ...
Batch covers: 2025-03-05 → 2024-12-16
Fetched 1000 → Keeping 1000

Fetching math.NA results 3000–3999 ...
No more entries returned from arXiv.
Inserted 2391 new manuscript(s).

Fetching math.NT results 0–999 ...
Batch covers: 2025-07-31 → 2025-04-19
Fetched 1000 → Keeping 1000

Fetching math.NT results 1000–1999 ...
Batch covers: 2025-04-19 → 2025-01-01
Fetched 1000 → Keeping 1000

Fetching math.NT results 2000–2999 ...
No more entries returned from arXiv.
Inserted 1196 new manuscript(s).

Fetching math.OA results 0–999 ...
Batch covers: 2025-07-31 → 2024-04-06
Fetched 1000 → Keeping 764

Fetching math.OA results 1000–1999 ...
Batch covers: 2024-04-06 → 2022-10-23
Fetched 1000 → Keeping 0
All entries in this batch are older than cutoff — stopping.
Inserted 235 new manuscript(s).

Fetching math.OC results 0–999 ...
Batch covers: 2025-07-31 → 2025-05-31
Fetched 1000 → Keeping 1000

Fetching math.OC results 1000–1999 ...
Batch covers: 2025-05-31 → 2025-04-09
Fetched 1000 → Keeping 1000

Fetching math.OC results 2000–2999 ...
Batch covers: 2025-04-09 → 2025-02-17
Fetched 1000 → Keeping 1000

Fetching math.OC results 3000–3999 ...
No more entries returned from arXiv.
Inserted 2438 new manuscript(s).

Fetching math.PR results 0–999 ...
Batch covers: 2025-07-31 → 2025-05-14
Fetched 1000 → Keeping 1000

Fetching math.PR results 1000–1999 ...
Batch covers: 2025-05-13 → 2025-03-01
Fetched 1000 → Keeping 1000

Fetching math.PR results 2000–2999 ...
Batch covers: 2025-03-01 → 2024-12-18
Fetched 1000 → Keeping 1000

Fetching math.PR results 3000–3999 ...
Batch covers: 2024-12-18 → 2024-10-04
Fetched 1000 → Keeping 1000

Fetching math.PR results 4000–4999 ...
Batch covers: 2024-10-04 → 2024-07-09
Fetched 1000 → Keeping 718

Fetching math.PR results 5000–5999 ...
Batch covers: 2024-07-09 → 2024-04-16
Fetched 1000 → Keeping 0
All entries in this batch are older than cutoff — stopping.
Inserted 2812 new manuscript(s).

Fetching math.QA results 0–999 ...
Batch covers: 2025-07-31 → 2024-06-26
Fetched 1000 → Keeping 909

Fetching math.QA results 1000–1999 ...
Batch covers: 2024-06-25 → 2023-05-02
Fetched 1000 → Keeping 0
All entries in this batch are older than cutoff — stopping.
Inserted 304 new manuscript(s).

Fetching math.RA results 0–999 ...
Batch covers: 2025-07-31 → 2024-10-23
Fetched 1000 → Keeping 1000

Fetching math.RA results 1000–1999 ...
Batch covers: 2024-10-23 → 2024-01-12
Fetched 1000 → Keeping 257

Fetching math.RA results 2000–2999 ...
Batch covers: 2024-01-12 → 2023-03-01
Fetched 1000 → Keeping 0
All entries in this batch are older than cutoff — stopping.
Inserted 601 new manuscript(s).

Fetching math.RT results 0–999 ...
Batch covers: 2025-07-31 → 2025-02-01
Fetched 1000 → Keeping 1000

Fetching math.RT results 1000–1999 ...
Batch covers: 2025-02-01 → 2024-07-25
Fetched 1000 → Keeping 956

Fetching math.RT results 2000–2999 ...
Batch covers: 2024-07-25 → 2024-01-10
Fetched 1000 → Keeping 0
All entries in this batch are older than cutoff — stopping.
Inserted 566 new manuscript(s).

Fetching math.SG results 0–999 ...
Batch covers: 2025-07-31 → 2023-10-12
Fetched 1000 → Keeping 568

Fetching math.SG results 1000–1999 ...
Batch covers: 2023-10-12 → 2021-09-28
Fetched 1000 → Keeping 0
All entries in this batch are older than cutoff — stopping.
Inserted 131 new manuscript(s).

Fetching math.SP results 0–999 ...
Batch covers: 2025-07-31 → 2024-02-26
Fetched 1000 → Keeping 718

Fetching math.SP results 1000–1999 ...
Batch covers: 2024-02-25 → 2022-06-09
Fetched 1000 → Keeping 0
All entries in this batch are older than cutoff — stopping.
Inserted 205 new manuscript(s).

Fetching math.ST results 0–999 ...
Batch covers: 2025-07-31 → 2025-02-25
Fetched 1000 → Keeping 1000

Fetching math.ST results 1000–1999 ...
Batch covers: 2025-02-25 → 2024-09-16
Fetched 1000 → Keeping 1000

Fetching math.ST results 2000–2999 ...
No more entries returned from arXiv.
Inserted 1405 new manuscript(s).

Fetching cs.AI results 0–999 ...
Batch covers: 2025-07-31 → 2025-07-22
Fetched 1000 → Keeping 1000

Fetching cs.AI results 1000–1999 ...
Batch covers: 2025-07-22 → 2025-07-13
Fetched 1000 → Keeping 1000

Fetching cs.AI results 2000–2999 ...
Batch covers: 2025-07-13 → 2025-07-03
Fetched 1000 → Keeping 1000

Fetching cs.AI results 3000–3999 ...
Batch covers: 2025-07-03 → 2025-06-24
Fetched 1000 → Keeping 1000

Fetching cs.AI results 4000–4999 ...
Batch covers: 2025-06-24 → 2025-06-16
Fetched 1000 → Keeping 1000

Fetching cs.AI results 5000–5999 ...
Batch covers: 2025-06-16 → 2025-06-09
Fetched 1000 → Keeping 1000

Fetching cs.AI results 6000–6999 ...
Batch covers: 2025-06-09 → 2025-06-02
Fetched 1000 → Keeping 1000

Fetching cs.AI results 7000–7999 ...
Batch covers: 2025-06-02 → 2025-05-28
Fetched 1000 → Keeping 1000

Fetching cs.AI results 8000–8999 ...
No more entries returned from arXiv.
Inserted 7552 new manuscript(s).

Fetching cs.AR results 0–999 ...
Batch covers: 2025-07-31 → 2024-12-20
Fetched 1000 → Keeping 1000

Fetching cs.AR results 1000–1999 ...
Batch covers: 2024-12-19 → 2024-03-13
Fetched 1000 → Keeping 501

Fetching cs.AR results 2000–2999 ...
Batch covers: 2024-03-13 → 2023-03-15
Fetched 1000 → Keeping 0
All entries in this batch are older than cutoff — stopping.
Inserted 1400 new manuscript(s).

Fetching cs.CC results 0–999 ...
Batch covers: 2025-07-31 → 2024-08-11
Fetched 1000 → Keeping 1000

Fetching cs.CC results 1000–1999 ...
Batch covers: 2024-08-09 → 2023-06-16
Fetched 1000 → Keeping 10

Fetching cs.CC results 2000–2999 ...
Batch covers: 2023-06-15 → 2022-03-13
Fetched 1000 → Keeping 0
All entries in this batch are older than cutoff — stopping.
Inserted 706 new manuscript(s).

Fetching cs.CE results 0–999 ...
Batch covers: 2025-07-31 → 2024-12-23
Fetched 1000 → Keeping 1000

Fetching cs.CE results 1000–1999 ...
Batch covers: 2024-12-23 → 2024-10-25
Fetched 290 → Keeping 290

Fetching cs.CE results 2000–2999 ...
Batch covers: 2024-05-04 → 2023-07-31
Fetched 1000 → Keeping 0
All entries in this batch are older than cutoff — stopping.
Inserted 982 new manuscript(s).

Fetching cs.CG results 0–999 ...
Batch covers: 2025-07-30 → 2023-11-19
Fetched 1000 → Keeping 580

Fetching cs.CG results 1000–1999 ...
Batch covers: 2023-11-18 → 2022-01-03
Fetched 1000 → Keeping 0
All entries in this batch are older than cutoff — stopping.
Inserted 379 new manuscript(s).

Fetching cs.CL results 0–999 ...
Batch covers: 2025-07-31 → 2025-07-10
Fetched 1000 → Keeping 1000

Fetching cs.CL results 1000–1999 ...
No more entries returned from arXiv.
Inserted 515 new manuscript(s).

Fetching cs.CR results 0–999 ...
Batch covers: 2025-07-31 → 2025-06-11
Fetched 1000 → Keeping 1000

Fetching cs.CR results 1000–1999 ...
Batch covers: 2025-06-11 → 2025-05-03
Fetched 1000 → Keeping 1000

Fetching cs.CR results 2000–2999 ...
Batch covers: 2025-05-03 → 2025-03-13
Fetched 1000 → Keeping 1000

Fetching cs.CR results 3000–3999 ...
Batch covers: 2025-03-13 → 2025-01-27
Fetched 1000 → Keeping 1000

Fetching cs.CR results 4000–4999 ...
No more entries returned from arXiv.
Inserted 3321 new manuscript(s).

Fetching cs.CV results 0–999 ...
Batch covers: 2025-07-31 → 2025-07-21
Fetched 1000 → Keeping 1000

Fetching cs.CV results 1000–1999 ...
Batch covers: 2025-07-21 → 2025-07-09
Fetched 1000 → Keeping 1000

Fetching cs.CV results 2000–2999 ...
Batch covers: 2025-07-09 → 2025-06-29
Fetched 1000 → Keeping 1000

Fetching cs.CV results 3000–3999 ...
Batch covers: 2025-06-29 → 2025-06-18
Fetched 1000 → Keeping 1000

Fetching cs.CV results 4000–4999 ...
No more entries returned from arXiv.
Inserted 2704 new manuscript(s).

Fetching cs.CY results 0–999 ...
Batch covers: 2025-07-31 → 2025-05-18
Fetched 1000 → Keeping 1000

Fetching cs.CY results 1000–1999 ...
Batch covers: 2025-05-18 → 2025-03-03
Fetched 1000 → Keeping 1000

Fetching cs.CY results 2000–2999 ...
Batch covers: 2025-03-03 → 2024-12-17
Fetched 1000 → Keeping 1000

Fetching cs.CY results 3000–3999 ...
Batch covers: 2024-12-17 → 2024-11-29
Fetched 200 → Keeping 200

Fetching cs.CY results 4000–4999 ...
Batch covers: 2024-09-24 → 2024-06-20
Fetched 1000 → Keeping 492

Fetching cs.CY results 5000–5999 ...
Batch covers: 2024-06-20 → 2024-03-20
Fetched 1000 → Keeping 0
All entries in this batch are older than cutoff — stopping.
Inserted 3037 new manuscript(s).

Fetching cs.DB results 0–999 ...
Batch covers: 2025-07-31 → 2024-11-24
Fetched 1000 → Keeping 1000

Fetching cs.DB results 1000–1999 ...
Batch covers: 2024-11-24 → 2024-01-12
Fetched 1000 → Keeping 357

Fetching cs.DB results 2000–2999 ...
Batch covers: 2024-01-12 → 2023-01-02
Fetched 1000 → Keeping 0
All entries in this batch are older than cutoff — stopping.
Inserted 1198 new manuscript(s).

Fetching cs.DC results 0–999 ...
Batch covers: 2025-07-31 → 2025-04-21
Fetched 1000 → Keeping 1000

Fetching cs.DC results 1000–1999 ...
Batch covers: 2025-04-21 → 2025-01-08
Fetched 1000 → Keeping 1000

Fetching cs.DC results 2000–2999 ...
Batch covers: 2025-01-08 → 2024-09-12
Fetched 1000 → Keeping 1000

Fetching cs.DC results 3000–3999 ...
Batch covers: 2024-09-12 → 2024-05-18
Fetched 1000 → Keeping 303

Fetching cs.DC results 4000–4999 ...
Batch covers: 2024-05-18 → 2024-01-23
Fetched 1000 → Keeping 0
All entries in this batch are older than cutoff — stopping.
Inserted 2632 new manuscript(s).

Fetching cs.DL results 0–999 ...
Batch covers: 2025-07-30 → 2023-07-31
Fetched 1000 → Keeping 552

Fetching cs.DL results 1000–1999 ...
Batch covers: 2023-07-31 → 2021-03-15
Fetched 1000 → Keeping 0
All entries in this batch are older than cutoff — stopping.
Inserted 410 new manuscript(s).

Fetching cs.DM results 0–999 ...
Batch covers: 2025-07-31 → 2024-09-25
Fetched 1000 → Keeping 1000

Fetching cs.DM results 1000–1999 ...
Batch covers: 2024-09-25 → 2023-11-06
Fetched 1000 → Keeping 153

Fetching cs.DM results 2000–2999 ...
Batch covers: 2023-11-06 → 2022-11-21
Fetched 1000 → Keeping 0
All entries in this batch are older than cutoff — stopping.
Inserted 437 new manuscript(s).

Fetching cs.DS results 0–999 ...
Batch covers: 2025-07-31 → 2025-03-07
Fetched 1000 → Keeping 1000

Fetching cs.DS results 1000–1999 ...
Batch covers: 2025-03-07 → 2024-10-01
Fetched 1000 → Keeping 1000

Fetching cs.DS results 2000–2999 ...
Batch covers: 2024-10-01 → 2024-04-22
Fetched 1000 → Keeping 325

Fetching cs.DS results 3000–3999 ...
Batch covers: 2024-04-22 → 2023-11-03
Fetched 1000 → Keeping 0
All entries in this batch are older than cutoff — stopping.
Inserted 1325 new manuscript(s).

Fetching cs.ET results 0–999 ...
Batch covers: 2025-07-31 → 2024-12-04
Fetched 1000 → Keeping 1000

Fetching cs.ET results 1000–1999 ...
Batch covers: 2024-12-04 → 2024-03-12
Fetched 1000 → Keeping 472

Fetching cs.ET results 2000–2999 ...
Batch covers: 2024-03-12 → 2022-09-12
Fetched 1000 → Keeping 0
All entries in this batch are older than cutoff — stopping.
Inserted 812 new manuscript(s).

Fetching cs.FL results 0–999 ...
Batch covers: 2025-07-30 → 2023-07-13
Fetched 1000 → Keeping 503

Fetching cs.FL results 1000–1999 ...
Batch covers: 2023-07-12 → 2021-03-29
Fetched 1000 → Keeping 0
All entries in this batch are older than cutoff — stopping.
Inserted 349 new manuscript(s).

Fetching cs.GL results 0–999 ...
Batch covers: 2025-04-24 → 1991-11-01
Fetched 222 → Keeping 3

Fetching cs.GL results 1000–1999 ...
No more entries returned from arXiv.
Inserted 2 new manuscript(s).

Fetching cs.GR results 0–999 ...
Batch covers: 2025-07-31 → 2024-12-18
Fetched 1000 → Keeping 1000

Fetching cs.GR results 1000–1999 ...
Batch covers: 2024-12-18 → 2024-04-24
Fetched 1000 → Keeping 573

Fetching cs.GR results 2000–2999 ...
Batch covers: 2024-04-23 → 2023-08-01
Fetched 1000 → Keeping 0
All entries in this batch are older than cutoff — stopping.
Inserted 1316 new manuscript(s).

Fetching cs.GT results 0–999 ...
Batch covers: 2025-07-31 → 2024-12-11
Fetched 1000 → Keeping 1000

Fetching cs.GT results 1000–1999 ...
Batch covers: 2024-12-11 → 2024-04-04
Fetched 1000 → Keeping 523

Fetching cs.GT results 2000–2999 ...
Batch covers: 2024-04-03 → 2023-07-27
Fetched 1000 → Keeping 0
All entries in this batch are older than cutoff — stopping.
Inserted 1088 new manuscript(s).

Fetching cs.HC results 0–999 ...
Batch covers: 2025-07-31 → 2025-06-05
Fetched 1000 → Keeping 1000

Fetching cs.HC results 1000–1999 ...
Batch covers: 2025-06-05 → 2025-04-13
Fetched 1000 → Keeping 1000

Fetching cs.HC results 2000–2999 ...
No more entries returned from arXiv.
Inserted 1271 new manuscript(s).

Fetching cs.IR results 0–999 ...
Batch covers: 2025-07-31 → 2025-05-24
Fetched 800 → Keeping 800

Fetching cs.IR results 1000–1999 ...
Batch covers: 2025-05-11 → 2025-02-09
Fetched 1000 → Keeping 1000

Fetching cs.IR results 2000–2999 ...
Batch covers: 2025-02-09 → 2024-10-27
Fetched 1000 → Keeping 1000

Fetching cs.IR results 3000–3999 ...
Batch covers: 2024-10-27 → 2024-07-23
Fetched 1000 → Keeping 912

Fetching cs.IR results 4000–4999 ...
Batch covers: 2024-07-23 → 2024-04-12
Fetched 1000 → Keeping 0
All entries in this batch are older than cutoff — stopping.
Inserted 3016 new manuscript(s).

Fetching cs.IT results 0–999 ...
Batch covers: 2025-07-31 → 2025-04-28
Fetched 1000 → Keeping 1000

Fetching cs.IT results 1000–1999 ...
Batch covers: 2025-04-28 → 2025-01-20
Fetched 1000 → Keeping 1000

Fetching cs.IT results 2000–2999 ...
Batch covers: 2025-01-20 → 2024-10-07
Fetched 1000 → Keeping 1000

Fetching cs.IT results 3000–3999 ...
Batch covers: 2024-10-07 → 2024-09-14
Fetched 200 → Keeping 200

Fetching cs.IT results 4000–4999 ...
No more entries returned from arXiv.
Inserted 0 new manuscript(s).

Fetching cs.LG results 0–999 ...
Batch covers: 2025-07-31 → 2025-07-26
Fetched 486 → Keeping 486

Fetching cs.LG results 1000–1999 ...
Batch covers: 2025-07-21 → 2025-07-11
Fetched 1000 → Keeping 1000

Fetching cs.LG results 2000–2999 ...
Batch covers: 2025-07-11 → 2025-07-03
Fetched 1000 → Keeping 1000

Fetching cs.LG results 3000–3999 ...
No more entries returned from arXiv.
Inserted 811 new manuscript(s).

Fetching cs.LO results 0–999 ...
Batch covers: 2025-07-31 → 2024-12-20
Fetched 1000 → Keeping 1000

Fetching cs.LO results 1000–1999 ...
Batch covers: 2024-12-20 → 2024-04-04
Fetched 1000 → Keeping 473

Fetching cs.LO results 2000–2999 ...
Batch covers: 2024-04-04 → 2023-07-21
Fetched 1000 → Keeping 0
All entries in this batch are older than cutoff — stopping.
Inserted 864 new manuscript(s).

Fetching cs.MA results 0–999 ...
Batch covers: 2025-07-31 → 2025-02-20
Fetched 1000 → Keeping 1000

Fetching cs.MA results 1000–1999 ...
Batch covers: 2025-02-20 → 2024-06-18
Fetched 1000 → Keeping 858

Fetching cs.MA results 2000–2999 ...
Batch covers: 2024-06-18 → 2023-09-30
Fetched 1000 → Keeping 0
All entries in this batch are older than cutoff — stopping.
Inserted 1131 new manuscript(s).

Fetching cs.MM results 0–999 ...
Batch covers: 2025-07-31 → 2024-12-09
Fetched 1000 → Keeping 1000

Fetching cs.MM results 1000–1999 ...
Batch covers: 2024-12-09 → 2024-04-11
Fetched 1000 → Keeping 526

Fetching cs.MM results 2000–2999 ...
Batch covers: 2024-04-11 → 2023-06-18
Fetched 1000 → Keeping 0
All entries in this batch are older than cutoff — stopping.
Inserted 1113 new manuscript(s).

Fetching cs.MS results 0–999 ...
Batch covers: 2025-07-29 → 2020-05-06
Fetched 1000 → Keeping 178

Fetching cs.MS results 1000–1999 ...
Batch covers: 2020-05-06 → 2013-03-25
Fetched 1000 → Keeping 0
All entries in this batch are older than cutoff — stopping.
Inserted 92 new manuscript(s).

Fetching cs.NA results 0–999 ...
Batch covers: 2025-07-31 → 2025-07-31
Fetched 1 → Keeping 1

Fetching cs.NA results 1000–1999 ...
Batch covers: 2025-05-20 → 2025-03-05
Fetched 1000 → Keeping 1000

Fetching cs.NA results 2000–2999 ...
Batch covers: 2025-03-05 → 2024-12-16
Fetched 1000 → Keeping 1000

Fetching cs.NA results 3000–3999 ...
Batch covers: 2024-12-16 → 2024-10-03
Fetched 1000 → Keeping 1000

Fetching cs.NA results 4000–4999 ...
Batch covers: 2024-10-03 → 2024-07-14
Fetched 1000 → Keeping 726

Fetching cs.NA results 5000–5999 ...
Batch covers: 2024-07-13 → 2024-04-29
Fetched 1000 → Keeping 0
All entries in this batch are older than cutoff — stopping.
Inserted 1229 new manuscript(s).

Fetching cs.NE results 0–999 ...
Batch covers: 2025-07-31 → 2024-12-28
Fetched 1000 → Keeping 1000

Fetching cs.NE results 1000–1999 ...
Batch covers: 2024-12-28 → 2024-06-03
Fetched 1000 → Keeping 680

Fetching cs.NE results 2000–2999 ...
Batch covers: 2024-06-03 → 2023-11-27
Fetched 1000 → Keeping 0
All entries in this batch are older than cutoff — stopping.
Inserted 1183 new manuscript(s).

Fetching cs.NI results 0–999 ...
Batch covers: 2025-07-31 → 2025-03-10
Fetched 1000 → Keeping 1000

Fetching cs.NI results 1000–1999 ...
Batch covers: 2025-03-10 → 2024-10-17
Fetched 1000 → Keeping 1000

Fetching cs.NI results 2000–2999 ...
Batch covers: 2024-10-17 → 2024-05-12
Fetched 1000 → Keeping 445

Fetching cs.NI results 3000–3999 ...
Batch covers: 2024-05-12 → 2023-12-20
Fetched 1000 → Keeping 0
All entries in this batch are older than cutoff — stopping.
Inserted 1690 new manuscript(s).

Fetching cs.OH results 0–999 ...
Batch covers: 2025-07-29 → 2014-10-03
Fetched 1000 → Keeping 55

Fetching cs.OH results 1000–1999 ...
Batch covers: 2014-10-02 → 2008-02-21
Fetched 1000 → Keeping 0
All entries in this batch are older than cutoff — stopping.
Inserted 46 new manuscript(s).

Fetching cs.OS results 0–999 ...
Batch covers: 2025-07-30 → 2011-04-18
Fetched 1000 → Keeping 198

Fetching cs.OS results 1000–1999 ...
Batch covers: 2011-04-12 → 1998-09-02
Fetched 122 → Keeping 0
All entries in this batch are older than cutoff — stopping.
Inserted 102 new manuscript(s).

Fetching cs.PF results 0–999 ...
Batch covers: 2025-07-30 → 2023-09-27
Fetched 1000 → Keeping 604

Fetching cs.PF results 1000–1999 ...
Batch covers: 2023-09-26 → 2021-02-17
Fetched 1000 → Keeping 0
All entries in this batch are older than cutoff — stopping.
Inserted 187 new manuscript(s).

Fetching cs.PL results 0–999 ...
Batch covers: 2025-07-31 → 2024-06-20
Fetched 1000 → Keeping 918

Fetching cs.PL results 1000–1999 ...
Batch covers: 2024-06-19 → 2023-05-04
Fetched 1000 → Keeping 0
All entries in this batch are older than cutoff — stopping.
Inserted 512 new manuscript(s).

Fetching cs.RO results 0–999 ...
Batch covers: 2025-07-31 → 2025-06-23
Fetched 1000 → Keeping 1000

Fetching cs.RO results 1000–1999 ...
Batch covers: 2025-06-23 → 2025-05-23
Fetched 900 → Keeping 900

Fetching cs.RO results 2000–2999 ...
Batch covers: 2025-05-21 → 2025-04-18
Fetched 1000 → Keeping 1000

Fetching cs.RO results 3000–3999 ...
Batch covers: 2025-04-18 → 2025-03-14
Fetched 1000 → Keeping 1000

Fetching cs.RO results 4000–4999 ...
Batch covers: 2025-03-14 → 2025-02-17
Fetched 1000 → Keeping 1000

Fetching cs.RO results 5000–5999 ...
Batch covers: 2025-02-17 → 2024-12-22
Fetched 1000 → Keeping 1000

Fetching cs.RO results 6000–6999 ...
Batch covers: 2024-12-22 → 2024-11-11
Fetched 1000 → Keeping 1000

Fetching cs.RO results 7000–7999 ...
Batch covers: 2024-11-11 → 2024-10-08
Fetched 1000 → Keeping 1000

Fetching cs.RO results 8000–8999 ...
Batch covers: 2024-10-08 → 2024-09-12
Fetched 1000 → Keeping 1000

Fetching cs.RO results 9000–9999 ...
No more entries returned from arXiv.
Inserted 7368 new manuscript(s).

Fetching cs.SC results 0–999 ...
Batch covers: 2025-07-31 → 2021-05-09
Fetched 1000 → Keeping 268

Fetching cs.SC results 1000–1999 ...
Batch covers: 2021-05-09 → 2014-09-18
Fetched 1000 → Keeping 0
All entries in this batch are older than cutoff — stopping.
Inserted 97 new manuscript(s).

Fetching cs.SD results 0–999 ...
Batch covers: 2025-07-31 → 2025-05-20
Fetched 1000 → Keeping 1000

Fetching cs.SD results 1000–1999 ...
Batch covers: 2025-05-20 → 2024-12-30
Fetched 1000 → Keeping 1000

Fetching cs.SD results 2000–2999 ...
Batch covers: 2024-12-29 → 2024-09-14
Fetched 1000 → Keeping 1000

Fetching cs.SD results 3000–3999 ...
No more entries returned from arXiv.
Inserted 2227 new manuscript(s).

Fetching cs.SE results 0–999 ...
Batch covers: 2025-07-31 → 2025-05-23
Fetched 1000 → Keeping 1000

Fetching cs.SE results 1000–1999 ...
Batch covers: 2025-05-23 → 2025-03-12
Fetched 1000 → Keeping 1000

Fetching cs.SE results 2000–2999 ...
Batch covers: 2025-03-12 → 2024-12-18
Fetched 1000 → Keeping 1000

Fetching cs.SE results 3000–3999 ...
Batch covers: 2024-12-18 → 2024-09-11
Fetched 1000 → Keeping 1000

Fetching cs.SE results 4000–4999 ...
No more entries returned from arXiv.
Inserted 2810 new manuscript(s).

Fetching cs.SI results 0–999 ...
Batch covers: 2025-07-31 → 2025-01-29
Fetched 1000 → Keeping 1000

Fetching cs.SI results 1000–1999 ...
Batch covers: 2025-01-29 → 2024-07-20
Fetched 1000 → Keeping 937

Fetching cs.SI results 2000–2999 ...
Batch covers: 2024-07-20 → 2024-01-31
Fetched 1000 → Keeping 0
All entries in this batch are older than cutoff — stopping.
Inserted 982 new manuscript(s).

Fetching cs.SY results 0–999 ...
Batch covers: 2025-07-31 → 2025-06-07
Fetched 1000 → Keeping 1000

Fetching cs.SY results 1000–1999 ...
Batch covers: 2025-06-07 → 2025-04-15
Fetched 1000 → Keeping 1000

Fetching cs.SY results 2000–2999 ...
No more entries returned from arXiv.
Inserted 972 new manuscript(s).

Fetching stat.AP results 0–999 ...
Batch covers: 2025-07-31 → 2025-03-14
Fetched 1000 → Keeping 1000

Fetching stat.AP results 1000–1999 ...
Batch covers: 2025-03-14 → 2024-10-11
Fetched 1000 → Keeping 1000

Fetching stat.AP results 2000–2999 ...
No more entries returned from arXiv.
Inserted 1533 new manuscript(s).

Fetching stat.CO results 0–999 ...
Batch covers: 2025-07-31 → 2024-07-24
Fetched 1000 → Keeping 979

Fetching stat.CO results 1000–1999 ...
Batch covers: 2024-07-24 → 2023-05-07
Fetched 1000 → Keeping 0
All entries in this batch are older than cutoff — stopping.
Inserted 559 new manuscript(s).

Fetching stat.ME results 0–999 ...
Batch covers: 2025-07-31 → 2025-05-14
Fetched 1000 → Keeping 1000

Fetching stat.ME results 1000–1999 ...
Batch covers: 2025-05-14 → 2025-02-16
Fetched 1000 → Keeping 1000

Fetching stat.ME results 2000–2999 ...
Batch covers: 2025-02-16 → 2024-11-12
Fetched 1000 → Keeping 1000

Fetching stat.ME results 3000–3999 ...
Batch covers: 2024-11-12 → 2024-08-12
Fetched 1000 → Keeping 1000

Fetching stat.ME results 4000–4999 ...
No more entries returned from arXiv.
Inserted 2370 new manuscript(s).

Fetching stat.ML results 0–999 ...
Batch covers: 2025-07-31 → 2025-06-03
Fetched 1000 → Keeping 1000

Fetching stat.ML results 1000–1999 ...
Batch covers: 2025-06-03 → 2025-04-17
Fetched 1000 → Keeping 1000

Fetching stat.ML results 2000–2999 ...
Batch covers: 2025-04-17 → 2025-02-14
Fetched 1000 → Keeping 1000

Fetching stat.ML results 3000–3999 ...
Batch covers: 2025-02-14 → 2024-12-18
Fetched 1000 → Keeping 1000

Fetching stat.ML results 4000–4999 ...
Batch covers: 2024-12-17 → 2024-10-23
Fetched 1000 → Keeping 1000

Fetching stat.ML results 5000–5999 ...
Batch covers: 2024-10-23 → 2024-09-02
Fetched 1000 → Keeping 1000

Fetching stat.ML results 6000–6999 ...
No more entries returned from arXiv.
Inserted 3157 new manuscript(s).

Fetching stat.OT results 0–999 ...
Batch covers: 2025-07-30 → 2018-04-08
Fetched 1000 → Keeping 146

Fetching stat.OT results 1000–1999 ...
Batch covers: 2018-04-06 → 2008-07-10
Fetched 492 → Keeping 0
All entries in this batch are older than cutoff — stopping.
Inserted 55 new manuscript(s).

Fetching stat.TH results 0–999 ...
Batch covers: 2025-07-31 → 2025-02-25
Fetched 1000 → Keeping 1000

Fetching stat.TH results 1000–1999 ...
Batch covers: 2025-02-25 → 2024-09-16
Fetched 1000 → Keeping 1000

Fetching stat.TH results 2000–2999 ...
No more entries returned from arXiv.
Inserted 0 new manuscript(s).

Fetching q-bio.BM results 0–999 ...
Batch covers: 2025-07-31 → 2024-01-26
Fetched 1000 → Keeping 655

Fetching q-bio.BM results 1000–1999 ...
Batch covers: 2024-01-26 → 2021-09-23
Fetched 1000 → Keeping 0
All entries in this batch are older than cutoff — stopping.
Inserted 422 new manuscript(s).

Fetching q-bio.CB results 0–999 ...
Batch covers: 2025-07-31 → 2018-01-24
Fetched 1000 → Keeping 151

Fetching q-bio.CB results 1000–1999 ...
Batch covers: 2018-01-15 → 2009-03-06
Fetched 1000 → Keeping 0
All entries in this batch are older than cutoff — stopping.
Inserted 60 new manuscript(s).

Fetching q-bio.GN results 0–999 ...
Batch covers: 2025-07-30 → 2021-09-12
Fetched 1000 → Keeping 365

Fetching q-bio.GN results 1000–1999 ...
Batch covers: 2021-09-12 → 2015-08-04
Fetched 1000 → Keeping 0
All entries in this batch are older than cutoff — stopping.
Inserted 255 new manuscript(s).

Fetching q-bio.MN results 0–999 ...
Batch covers: 2025-07-27 → 2020-06-01
Fetched 1000 → Keeping 220

Fetching q-bio.MN results 1000–1999 ...
Batch covers: 2020-06-01 → 2015-10-05
Fetched 1000 → Keeping 0
All entries in this batch are older than cutoff — stopping.
Inserted 87 new manuscript(s).

Fetching q-bio.NC results 0–999 ...
Batch covers: 2025-07-31 → 2024-10-21
Fetched 1000 → Keeping 1000

Fetching q-bio.NC results 1000–1999 ...
Batch covers: 2024-10-20 → 2023-11-17
Fetched 1000 → Keeping 256

Fetching q-bio.NC results 2000–2999 ...
Batch covers: 2023-11-17 → 2022-10-24
Fetched 1000 → Keeping 0
All entries in this batch are older than cutoff — stopping.
Inserted 750 new manuscript(s).

Fetching q-bio.OT results 0–999 ...
Batch covers: 2025-07-30 → 2012-07-17
Fetched 1000 → Keeping 137

Fetching q-bio.OT results 1000–1999 ...
Batch covers: 2012-07-14 → 1998-05-05
Fetched 431 → Keeping 0
All entries in this batch are older than cutoff — stopping.
Inserted 98 new manuscript(s).

Fetching q-bio.PE results 0–999 ...
Batch covers: 2025-07-31 → 2024-04-29
Fetched 1000 → Keeping 814

Fetching q-bio.PE results 1000–1999 ...
Batch covers: 2024-04-29 → 2022-11-17
Fetched 1000 → Keeping 0
All entries in this batch are older than cutoff — stopping.
Inserted 292 new manuscript(s).

Fetching q-bio.QM results 0–999 ...
Batch covers: 2025-07-31 → 2025-04-26
Fetched 400 → Keeping 400

Fetching q-bio.QM results 1000–1999 ...
Batch covers: 2024-11-05 → 2024-01-19
Fetched 1000 → Keeping 345

Fetching q-bio.QM results 2000–2999 ...
Batch covers: 2024-01-19 → 2023-03-02
Fetched 1000 → Keeping 0
All entries in this batch are older than cutoff — stopping.
Inserted 356 new manuscript(s).

Fetching q-bio.SC results 0–999 ...
Batch covers: 2025-07-25 → 2014-04-01
Fetched 1000 → Keeping 54

Fetching q-bio.SC results 1000–1999 ...
Batch covers: 2014-03-31 → 1995-01-17
Fetched 754 → Keeping 0
All entries in this batch are older than cutoff — stopping.
Inserted 16 new manuscript(s).

Fetching q-bio.TO results 0–999 ...
Batch covers: 2025-07-31 → 2020-03-20
Fetched 1000 → Keeping 190

Fetching q-bio.TO results 1000–1999 ...
Batch covers: 2020-03-20 → 2013-08-28
Fetched 1000 → Keeping 0
All entries in this batch are older than cutoff — stopping.
Inserted 80 new manuscript(s).

Fetching q-fin.CP results 0–999 ...
Batch covers: 2025-07-30 → 2022-05-10
Fetched 1000 → Keeping 365

Fetching q-fin.CP results 1000–1999 ...
Batch covers: 2022-05-10 → 2016-02-14
Fetched 1000 → Keeping 0
All entries in this batch are older than cutoff — stopping.
Inserted 248 new manuscript(s).

Fetching q-fin.EC results 0–999 ...
Batch covers: 2025-07-31 → 2024-10-02
Fetched 1000 → Keeping 1000

Fetching q-fin.EC results 1000–1999 ...
No more entries returned from arXiv.
Inserted 743 new manuscript(s).

Fetching q-fin.GN results 0–999 ...
Batch covers: 2025-07-30 → 2019-02-28
Fetched 1000 → Keeping 145

Fetching q-fin.GN results 1000–1999 ...
Batch covers: 2019-02-27 → 2012-12-03
Fetched 1000 → Keeping 0
All entries in this batch are older than cutoff — stopping.
Inserted 80 new manuscript(s).

Fetching q-fin.MF results 0–999 ...
Batch covers: 2025-07-31 → 2022-02-05
Fetched 1000 → Keeping 307

Fetching q-fin.MF results 1000–1999 ...
Batch covers: 2022-02-04 → 2018-07-13
Fetched 1000 → Keeping 0
All entries in this batch are older than cutoff — stopping.
Inserted 157 new manuscript(s).

Fetching q-fin.PM results 0–999 ...
Batch covers: 2025-07-30 → 2020-01-06
Fetched 1000 → Keeping 219

Fetching q-fin.PM results 1000–1999 ...
Batch covers: 2019-12-29 → 2008-11-30
Fetched 1000 → Keeping 0
All entries in this batch are older than cutoff — stopping.
Inserted 91 new manuscript(s).

Fetching q-fin.PR results 0–999 ...
Batch covers: 2025-07-25 → 2015-08-18
Fetched 1000 → Keeping 103

Fetching q-fin.PR results 1000–1999 ...
Batch covers: 2015-08-04 → 2005-04-29
Fetched 1000 → Keeping 0
All entries in this batch are older than cutoff — stopping.
Inserted 30 new manuscript(s).

Fetching q-fin.RM results 0–999 ...
Batch covers: 2025-07-31 → 2020-12-17
Fetched 1000 → Keeping 265

Fetching q-fin.RM results 1000–1999 ...
Batch covers: 2020-12-17 → 2013-09-30
Fetched 1000 → Keeping 0
All entries in this batch are older than cutoff — stopping.
Inserted 106 new manuscript(s).

Fetching q-fin.ST results 0–999 ...
Batch covers: 2025-07-31 → 2022-02-02
Fetched 1000 → Keeping 322

Fetching q-fin.ST results 1000–1999 ...
Batch covers: 2022-02-01 → 2017-11-11
Fetched 1000 → Keeping 0
All entries in this batch are older than cutoff — stopping.
Inserted 138 new manuscript(s).

Fetching q-fin.TR results 0–999 ...
Batch covers: 2025-07-30 → 2019-06-13
Fetched 1000 → Keeping 215

Fetching q-fin.TR results 1000–1999 ...
Batch covers: 2019-06-11 → 1997-09-10
Fetched 998 → Keeping 0
All entries in this batch are older than cutoff — stopping.
Inserted 69 new manuscript(s).

Fetching eess.AS results 0–999 ...
Batch covers: 2025-07-31 → 2025-05-26
Fetched 1000 → Keeping 1000

Fetching eess.AS results 1000–1999 ...
Batch covers: 2025-05-26 → 2025-01-22
Fetched 1000 → Keeping 1000

Fetching eess.AS results 2000–2999 ...
Batch covers: 2025-01-22 → 2024-10-05
Fetched 1000 → Keeping 1000

Fetching eess.AS results 3000–3999 ...
Batch covers: 2024-10-05 → 2024-07-19
Fetched 1000 → Keeping 873

Fetching eess.AS results 4000–4999 ...
Batch covers: 2024-07-19 → 2024-04-30
Fetched 1000 → Keeping 0
All entries in this batch are older than cutoff — stopping.
Inserted 898 new manuscript(s).

Fetching eess.IV results 0–999 ...
Batch covers: 2025-07-31 → 2025-05-18
Fetched 1000 → Keeping 1000

Fetching eess.IV results 1000–1999 ...
Batch covers: 2025-05-18 → 2025-03-03
Fetched 1000 → Keeping 1000

Fetching eess.IV results 2000–2999 ...
Batch covers: 2025-03-02 → 2024-12-06
Fetched 1000 → Keeping 1000

Fetching eess.IV results 3000–3999 ...
Batch covers: 2024-12-06 → 2024-09-25
Fetched 1000 → Keeping 1000

Fetching eess.IV results 4000–4999 ...
No more entries returned from arXiv.
Inserted 2771 new manuscript(s).

Fetching eess.SP results 0–999 ...
Batch covers: 2025-07-31 → 2025-06-04
Fetched 1000 → Keeping 1000

Fetching eess.SP results 1000–1999 ...
Batch covers: 2025-06-04 → 2025-04-11
Fetched 1000 → Keeping 1000

Fetching eess.SP results 2000–2999 ...
Batch covers: 2025-04-11 → 2025-02-14
Fetched 1000 → Keeping 1000

Fetching eess.SP results 3000–3999 ...
Batch covers: 2025-02-14 → 2024-12-12
Fetched 1000 → Keeping 1000

Fetching eess.SP results 4000–4999 ...
Batch covers: 2024-12-12 → 2024-10-11
Fetched 1000 → Keeping 1000

Fetching eess.SP results 5000–5999 ...
Batch covers: 2024-10-11 → 2024-08-09
Fetched 1000 → Keeping 1000

Fetching eess.SP results 6000–6999 ...
No more entries returned from arXiv.
Inserted 3439 new manuscript(s).

Fetching eess.SY results 0–999 ...
Batch covers: 2025-07-31 → 2025-06-07
Fetched 1000 → Keeping 1000

Fetching eess.SY results 1000–1999 ...
Batch covers: 2025-06-07 → 2025-04-15
Fetched 1000 → Keeping 1000

Fetching eess.SY results 2000–2999 ...
Batch covers: 2025-04-15 → 2025-03-04
Fetched 1000 → Keeping 1000

Fetching eess.SY results 3000–3999 ...
Batch covers: 2025-03-04 → 2025-01-05
Fetched 1000 → Keeping 1000

Fetching eess.SY results 4000–4999 ...
Batch covers: 2025-01-05 → 2024-11-01
Fetched 1000 → Keeping 1000

Fetching eess.SY results 5000–5999 ...
Batch covers: 2024-11-01 → 2024-09-10
Fetched 1000 → Keeping 1000

Fetching eess.SY results 6000–6999 ...
Batch covers: 2024-09-10 → 2024-07-01
Fetched 1000 → Keeping 571

Fetching eess.SY results 7000–7999 ...
Batch covers: 2024-07-01 → 2024-04-29
Fetched 1000 → Keeping 0
All entries in this batch are older than cutoff — stopping.
Inserted 2741 new manuscript(s).

Fetching econ.EM results 0–999 ...
Batch covers: 2025-07-31 → 2024-04-30
Fetched 1000 → Keeping 797

Fetching econ.EM results 1000–1999 ...
Batch covers: 2024-04-28 → 2022-09-28
Fetched 1000 → Keeping 0
All entries in this batch are older than cutoff — stopping.
Inserted 412 new manuscript(s).

Fetching econ.GN results 0–999 ...
Batch covers: 2025-07-31 → 2024-10-02
Fetched 1000 → Keeping 1000

Fetching econ.GN results 1000–1999 ...
Batch covers: 2024-10-02 → 2023-09-25
Fetched 1000 → Keeping 157

Fetching econ.GN results 2000–2999 ...
Batch covers: 2023-09-25 → 2022-06-01
Fetched 1000 → Keeping 0
All entries in this batch are older than cutoff — stopping.
Inserted 110 new manuscript(s).

Fetching econ.TH results 0–999 ...
Batch covers: 2025-07-30 → 2024-01-10
Fetched 1000 → Keeping 672

Fetching econ.TH results 1000–1999 ...
Batch covers: 2024-01-08 → 2022-08-10
Fetched 688 → Keeping 0
All entries in this batch are older than cutoff — stopping.
Inserted 360 new manuscript(s).

✅ Done. Total new manuscripts inserted: 256957
